<?xml version="1.0" encoding="UTF-8"?>
<!-- Generated by org.testng.reporters.JUnitReportReporter -->
<testsuite hostname="DESKTOP-CM127QG" failures="0" tests="2" name="demo1.Testscript1" time="24.078" errors="0" timestamp="2023-07-03T20:40:23 IST" skipped="0">
  <testcase classname="demo1.Testscript1" name="test1" time="13.082"/>
  <testcase classname="demo1.Testscript1" name="test1" time="10.996"/>
</testsuite> <!-- demo1.Testscript1 -->
